<?xml version="1.0" encoding="UTF-8"?>
<!-- Generated by org.testng.reporters.JUnitXMLReporter -->
<testsuite ignored="0" hostname="TTR358" failures="1" tests="12" name="Surefire test" time="61.362" errors="0" timestamp="2020-05-05T21:38:52 IST">
  <testcase classname="JavaCodes.OneTest" name="JavaFourTest" time="0.002"/>
  <testcase classname="JavaCodes.OneTest" name="JavaOneTest" time="0.0"/>
  <testcase classname="JavaCodes.OneTest" name="JavaSixTest" time="0.0">
    <failure type="java.lang.Error" message="Unresolved compilation problem: 
	ou cannot be resolved or is not a field
">
      <![CDATA[java.lang.Error: Unresolved compilation problem: 
ou cannot be resolved or is not a field

at JavaCodes.OneTest.JavaSixTest(OneTest.java:18)
at java.base/java.util.ArrayList.forEach(ArrayList.java:1540)
... Removed 32 stack frames]]>
    </failure>
  </testcase> <!-- JavaSixTest -->
  <testcase classname="JavaCodes.OneTest" name="JavaTwoTest" time="0.0"/>
  <testcase classname="JavaCodes.TwoTest" name="NewJavatestOne" time="0.0"/>
  <testcase classname="JavaCodes.TwoTest" name="NewJavatestTwo" time="0.001"/>
  <testcase classname="mavenJava.JavaTest" name="JavaoneTest" time="0.001"/>
  <testcase classname="mavenJava.JavaTest" name="test" time="0.0"/>
  <testcase classname="mavenJava.NegativeTest" name="negativetest" time="14.793"/>
  <testcase classname="mavenJava.PositiveTest" name="ItmLinkTest" time="15.881"/>
  <testcase classname="mavenJava.PositiveTest" name="LogoutTest" time="16.704"/>
  <testcase classname="mavenJava.PositiveTest" name="TestNg" time="13.879"/>
</testsuite> <!-- Surefire test -->
