<?xml version="1.0" encoding="UTF-8"?>
<!-- Generated by org.testng.reporters.JUnitXMLReporter -->
<testsuite ignored="0" hostname="TTR358" failures="0" tests="4" name="Default test" time="0.081" errors="0" timestamp="2020-05-05T23:16:14 IST">
  <testcase classname="JavaCodes.OneTest" name="JavaFourTest" time="0.006"/>
  <testcase classname="JavaCodes.OneTest" name="JavaOneTest" time="0.003"/>
  <testcase classname="JavaCodes.OneTest" name="JavaSixTest" time="0.002"/>
  <testcase classname="JavaCodes.OneTest" name="JavaTwoTest" time="0.004"/>
</testsuite> <!-- Default test -->
