<?xml version="1.0" encoding="UTF-8"?>
<testng-results ignored="0" total="12" passed="11" failed="1" skipped="0">
  <reporter-output>
  </reporter-output>
  <suite started-at="2020-05-05T21:37:51 IST" name="Surefire suite" finished-at="2020-05-05T21:38:52 IST" duration-ms="61362">
    <groups>
    </groups>
    <test started-at="2020-05-05T21:37:51 IST" name="Surefire test" finished-at="2020-05-05T21:38:52 IST" duration-ms="61362">
      <class name="mavenJava.NegativeTest">
        <test-method signature="negativetest()[pri:0, instance:mavenJava.NegativeTest@4218d6a3]" started-at="2020-05-05T21:37:51 IST" name="negativetest" finished-at="2020-05-05T21:38:05 IST" duration-ms="14793" status="PASS">
          <reporter-output>
          </reporter-output>
        </test-method> <!-- negativetest -->
      </class> <!-- mavenJava.NegativeTest -->
      <class name="JavaCodes.TwoTest">
        <test-method signature="NewJavatestOne()[pri:0, instance:JavaCodes.TwoTest@235834f2]" started-at="2020-05-05T21:37:51 IST" name="NewJavatestOne" finished-at="2020-05-05T21:37:51 IST" duration-ms="0" status="PASS">
          <reporter-output>
          </reporter-output>
        </test-method> <!-- NewJavatestOne -->
        <test-method signature="NewJavatestTwo()[pri:0, instance:JavaCodes.TwoTest@235834f2]" started-at="2020-05-05T21:37:51 IST" name="NewJavatestTwo" finished-at="2020-05-05T21:37:51 IST" duration-ms="1" status="PASS">
          <reporter-output>
          </reporter-output>
        </test-method> <!-- NewJavatestTwo -->
      </class> <!-- JavaCodes.TwoTest -->
      <class name="JavaCodes.OneTest">
        <test-method is-config="true" signature="JavaThreeTest()[pri:0, instance:JavaCodes.OneTest@3270d194]" started-at="2020-05-05T21:37:51 IST" name="JavaThreeTest" finished-at="2020-05-05T21:37:51 IST" duration-ms="13" status="PASS">
          <reporter-output>
          </reporter-output>
        </test-method> <!-- JavaThreeTest -->
        <test-method signature="JavaFourTest()[pri:0, instance:JavaCodes.OneTest@3270d194]" started-at="2020-05-05T21:37:51 IST" name="JavaFourTest" finished-at="2020-05-05T21:37:51 IST" duration-ms="2" status="PASS">
          <reporter-output>
          </reporter-output>
        </test-method> <!-- JavaFourTest -->
        <test-method signature="JavaOneTest()[pri:0, instance:JavaCodes.OneTest@3270d194]" started-at="2020-05-05T21:37:51 IST" name="JavaOneTest" finished-at="2020-05-05T21:37:51 IST" duration-ms="0" status="PASS">
          <reporter-output>
          </reporter-output>
        </test-method> <!-- JavaOneTest -->
        <test-method signature="JavaSixTest()[pri:0, instance:JavaCodes.OneTest@3270d194]" started-at="2020-05-05T21:37:51 IST" name="JavaSixTest" finished-at="2020-05-05T21:37:51 IST" duration-ms="0" status="FAIL">
          <exception class="java.lang.Error">
            <message>
              <![CDATA[Unresolved compilation problem: 
ou cannot be resolved or is not a field
]]>
            </message>
            <full-stacktrace>
              <![CDATA[java.lang.Error: Unresolved compilation problem: 
ou cannot be resolved or is not a field

at JavaCodes.OneTest.JavaSixTest(OneTest.java:18)
at java.base/jdk.internal.reflect.NativeMethodAccessorImpl.invoke0(Native Method)
at java.base/jdk.internal.reflect.NativeMethodAccessorImpl.invoke(NativeMethodAccessorImpl.java:62)
at java.base/jdk.internal.reflect.DelegatingMethodAccessorImpl.invoke(DelegatingMethodAccessorImpl.java:43)
at java.base/java.lang.reflect.Method.invoke(Method.java:566)
at org.testng.internal.MethodInvocationHelper.invokeMethod(MethodInvocationHelper.java:134)
at org.testng.internal.TestInvoker.invokeMethod(TestInvoker.java:597)
at org.testng.internal.TestInvoker.invokeTestMethod(TestInvoker.java:173)
at org.testng.internal.MethodRunner.runInSequence(MethodRunner.java:46)
at org.testng.internal.TestInvoker$MethodInvocationAgent.invoke(TestInvoker.java:816)
at org.testng.internal.TestInvoker.invokeTestMethods(TestInvoker.java:146)
at org.testng.internal.TestMethodWorker.invokeTestMethods(TestMethodWorker.java:146)
at org.testng.internal.TestMethodWorker.run(TestMethodWorker.java:128)
at java.base/java.util.ArrayList.forEach(ArrayList.java:1540)
at org.testng.TestRunner.privateRun(TestRunner.java:766)
at org.testng.TestRunner.run(TestRunner.java:587)
at org.testng.SuiteRunner.runTest(SuiteRunner.java:384)
at org.testng.SuiteRunner.runSequentially(SuiteRunner.java:378)
at org.testng.SuiteRunner.privateRun(SuiteRunner.java:337)
at org.testng.SuiteRunner.run(SuiteRunner.java:286)
at org.testng.SuiteRunnerWorker.runSuite(SuiteRunnerWorker.java:53)
at org.testng.SuiteRunnerWorker.run(SuiteRunnerWorker.java:96)
at org.testng.TestNG.runSuitesSequentially(TestNG.java:1187)
at org.testng.TestNG.runSuitesLocally(TestNG.java:1109)
at org.testng.TestNG.runSuites(TestNG.java:1039)
at org.testng.TestNG.run(TestNG.java:1007)
at org.apache.maven.surefire.testng.TestNGExecutor.run(TestNGExecutor.java:135)
at org.apache.maven.surefire.testng.TestNGDirectoryTestSuite.executeMulti(TestNGDirectoryTestSuite.java:193)
at org.apache.maven.surefire.testng.TestNGDirectoryTestSuite.execute(TestNGDirectoryTestSuite.java:94)
at org.apache.maven.surefire.testng.TestNGProvider.invoke(TestNGProvider.java:146)
at org.apache.maven.surefire.booter.ForkedBooter.runSuitesInProcess(ForkedBooter.java:377)
at org.apache.maven.surefire.booter.ForkedBooter.execute(ForkedBooter.java:138)
at org.apache.maven.surefire.booter.ForkedBooter.run(ForkedBooter.java:465)
at org.apache.maven.surefire.booter.ForkedBooter.main(ForkedBooter.java:451)
]]>
            </full-stacktrace>
          </exception> <!-- java.lang.Error -->
          <reporter-output>
          </reporter-output>
        </test-method> <!-- JavaSixTest -->
        <test-method signature="JavaTwoTest()[pri:0, instance:JavaCodes.OneTest@3270d194]" started-at="2020-05-05T21:37:51 IST" name="JavaTwoTest" finished-at="2020-05-05T21:37:51 IST" duration-ms="0" status="PASS">
          <reporter-output>
          </reporter-output>
        </test-method> <!-- JavaTwoTest -->
        <test-method is-config="true" signature="JavaFiveTest()[pri:0, instance:JavaCodes.OneTest@3270d194]" started-at="2020-05-05T21:38:52 IST" name="JavaFiveTest" finished-at="2020-05-05T21:38:52 IST" duration-ms="1" status="PASS">
          <reporter-output>
          </reporter-output>
        </test-method> <!-- JavaFiveTest -->
      </class> <!-- JavaCodes.OneTest -->
      <class name="mavenJava.JavaTest">
        <test-method signature="JavaoneTest()[pri:0, instance:mavenJava.JavaTest@5656be13]" started-at="2020-05-05T21:37:51 IST" name="JavaoneTest" finished-at="2020-05-05T21:37:51 IST" duration-ms="1" status="PASS">
          <reporter-output>
          </reporter-output>
        </test-method> <!-- JavaoneTest -->
        <test-method signature="test()[pri:0, instance:mavenJava.JavaTest@5656be13]" started-at="2020-05-05T21:37:51 IST" name="test" finished-at="2020-05-05T21:37:51 IST" duration-ms="0" status="PASS">
          <reporter-output>
          </reporter-output>
        </test-method> <!-- test -->
      </class> <!-- mavenJava.JavaTest -->
      <class name="mavenJava.PositiveTest">
        <test-method signature="ItmLinkTest()[pri:0, instance:mavenJava.PositiveTest@76505305]" started-at="2020-05-05T21:38:05 IST" name="ItmLinkTest" finished-at="2020-05-05T21:38:21 IST" duration-ms="15881" status="PASS">
          <reporter-output>
          </reporter-output>
        </test-method> <!-- ItmLinkTest -->
        <test-method signature="LogoutTest()[pri:0, instance:mavenJava.PositiveTest@76505305]" started-at="2020-05-05T21:38:21 IST" name="LogoutTest" finished-at="2020-05-05T21:38:38 IST" duration-ms="16704" status="PASS">
          <reporter-output>
          </reporter-output>
        </test-method> <!-- LogoutTest -->
        <test-method signature="TestNg()[pri:0, instance:mavenJava.PositiveTest@76505305]" started-at="2020-05-05T21:38:38 IST" name="TestNg" finished-at="2020-05-05T21:38:52 IST" duration-ms="13879" status="PASS">
          <reporter-output>
          </reporter-output>
        </test-method> <!-- TestNg -->
      </class> <!-- mavenJava.PositiveTest -->
    </test> <!-- Surefire test -->
  </suite> <!-- Surefire suite -->
</testng-results>
