<?xml version="1.0" encoding="UTF-8"?>
<testng-results ignored="0" total="1" passed="1" failed="0" skipped="0">
  <reporter-output>
  </reporter-output>
  <suite started-at="2020-05-21T00:00:08 IST" name="Default suite" finished-at="2020-05-21T00:00:35 IST" duration-ms="26906">
    <groups>
    </groups>
    <test started-at="2020-05-21T00:00:08 IST" name="Default test" finished-at="2020-05-21T00:00:35 IST" duration-ms="26906">
      <class name="mavenJava.TravellerTest">
        <test-method signature="TravellerTest()[pri:0, instance:mavenJava.TravellerTest@672872e1]" started-at="2020-05-21T00:00:08 IST" name="TravellerTest" finished-at="2020-05-21T00:00:35 IST" duration-ms="26853" status="PASS">
          <reporter-output>
          </reporter-output>
        </test-method> <!-- TravellerTest -->
      </class> <!-- mavenJava.TravellerTest -->
    </test> <!-- Default test -->
  </suite> <!-- Default suite -->
</testng-results>
